c:\users\public\shadowdumper\shadowdumper\shadowdumper\x64\release\vc143.pdb
c:\users\public\shadowdumper\shadowdumper\shadowdumper\x64\release\unhook.obj
c:\users\public\shadowdumper\shadowdumper\shadowdumper\x64\release\syscallsnative.obj
c:\users\public\shadowdumper\shadowdumper\shadowdumper\x64\release\syscallsmdwd.obj
c:\users\public\shadowdumper\shadowdumper\shadowdumper\x64\release\simplemdwd.obj
c:\users\public\shadowdumper\shadowdumper\shadowdumper\x64\release\main.obj
c:\users\public\shadowdumper\shadowdumper\shadowdumper\x64\release\forkdump.obj
c:\users\public\shadowdumper\shadowdumper\shadowdumper\x64\release\decrypt.obj
c:\users\public\shadowdumper\shadowdumper\shadowdumper\x64\release\callbacksmdwd.obj
c:\users\public\shadowdumper\shadowdumper\shadowdumper\x64\release\nativeds.obj
c:\users\public\shadowdumper\shadowdumper\x64\release\shadowdumper.exe
c:\users\public\shadowdumper\shadowdumper\x64\release\shadowdumper.pdb
c:\users\public\shadowdumper\shadowdumper\shadowdumper\x64\release\nativeasm.obj
c:\users\public\shadowdumper\shadowdumper\shadowdumper\x64\release\sysmdwd.obj
c:\users\public\shadowdumper\shadowdumper\shadowdumper\x64\release\shadowdumper.res
c:\users\public\shadowdumper\shadowdumper\shadowdumper\x64\release\shadowdumper.ipdb
c:\users\public\shadowdumper\shadowdumper\shadowdumper\x64\release\shadowdumper.iobj
c:\users\public\shadowdumper\shadowdumper\shadowdumper\x64\release\shadowdumper.tlog\cl.command.1.tlog
c:\users\public\shadowdumper\shadowdumper\shadowdumper\x64\release\shadowdumper.tlog\cl.items.tlog
c:\users\public\shadowdumper\shadowdumper\shadowdumper\x64\release\shadowdumper.tlog\cl.read.1.tlog
c:\users\public\shadowdumper\shadowdumper\shadowdumper\x64\release\shadowdumper.tlog\cl.write.1.tlog
c:\users\public\shadowdumper\shadowdumper\shadowdumper\x64\release\shadowdumper.tlog\link.command.1.tlog
c:\users\public\shadowdumper\shadowdumper\shadowdumper\x64\release\shadowdumper.tlog\link.read.1.tlog
c:\users\public\shadowdumper\shadowdumper\shadowdumper\x64\release\shadowdumper.tlog\link.secondary.1.tlog
c:\users\public\shadowdumper\shadowdumper\shadowdumper\x64\release\shadowdumper.tlog\link.write.1.tlog
c:\users\public\shadowdumper\shadowdumper\shadowdumper\x64\release\shadowdumper.tlog\masm.read.1u.tlog
c:\users\public\shadowdumper\shadowdumper\shadowdumper\x64\release\shadowdumper.tlog\masm.write.1u.tlog
c:\users\public\shadowdumper\shadowdumper\shadowdumper\x64\release\shadowdumper.tlog\rc.command.1.tlog
c:\users\public\shadowdumper\shadowdumper\shadowdumper\x64\release\shadowdumper.tlog\rc.read.1.tlog
c:\users\public\shadowdumper\shadowdumper\shadowdumper\x64\release\shadowdumper.tlog\rc.write.1.tlog
